<?xml version="1.0" encoding="UTF-8"?>
<testng-results total="3" passed="2" failed="1" skipped="0">
  <reporter-output>
  </reporter-output>
  <suite started-at="2020-03-09T13:07:12Z" name="Suite" finished-at="2020-03-09T13:07:37Z" duration-ms="24399">
    <groups>
    </groups>
    <test started-at="2020-03-09T13:07:12Z" name="TestNG" finished-at="2020-03-09T13:07:37Z" duration-ms="24399">
      <class name="com.MavenTemplates.Automate.BeautySwipe">
        <test-method signature="test()[pri:0, instance:com.MavenTemplates.Automate.BeautySwipe@383bfa16]" started-at="2020-03-09T13:07:24Z" name="test" finished-at="2020-03-09T13:07:32Z" duration-ms="8257" status="PASS">
          <reporter-output>
          </reporter-output>
        </test-method> <!-- test -->
      </class> <!-- com.MavenTemplates.Automate.BeautySwipe -->
      <class name="com.MavenTemplates.Automate.ChineseNewYear">
        <test-method signature="test()[pri:0, instance:com.MavenTemplates.Automate.ChineseNewYear@71def8f8]" started-at="2020-03-09T13:07:12Z" name="test" finished-at="2020-03-09T13:07:24Z" duration-ms="11057" status="FAIL">
          <exception class="java.lang.NullPointerException">
            <full-stacktrace>
              <![CDATA[java.lang.NullPointerException
	at com.MavenTemplates.Automate.ChineseNewYear.test(ChineseNewYear.java:23)
	at java.base/jdk.internal.reflect.NativeMethodAccessorImpl.invoke0(Native Method)
	at java.base/jdk.internal.reflect.NativeMethodAccessorImpl.invoke(NativeMethodAccessorImpl.java:62)
	at java.base/jdk.internal.reflect.DelegatingMethodAccessorImpl.invoke(DelegatingMethodAccessorImpl.java:43)
	at java.base/java.lang.reflect.Method.invoke(Method.java:567)
	at org.testng.internal.MethodInvocationHelper.invokeMethod(MethodInvocationHelper.java:84)
	at org.testng.internal.Invoker.invokeMethod(Invoker.java:714)
	at org.testng.internal.Invoker.invokeTestMethod(Invoker.java:901)
	at org.testng.internal.Invoker.invokeTestMethods(Invoker.java:1231)
	at org.testng.internal.TestMethodWorker.invokeTestMethods(TestMethodWorker.java:127)
	at org.testng.internal.TestMethodWorker.run(TestMethodWorker.java:111)
	at org.testng.TestRunner.privateRun(TestRunner.java:767)
	at org.testng.TestRunner.run(TestRunner.java:617)
	at org.testng.SuiteRunner.runTest(SuiteRunner.java:348)
	at org.testng.SuiteRunner.runSequentially(SuiteRunner.java:343)
	at org.testng.SuiteRunner.privateRun(SuiteRunner.java:305)
	at org.testng.SuiteRunner.run(SuiteRunner.java:254)
	at org.testng.SuiteRunnerWorker.runSuite(SuiteRunnerWorker.java:52)
	at org.testng.SuiteRunnerWorker.run(SuiteRunnerWorker.java:86)
	at org.testng.TestNG.runSuitesSequentially(TestNG.java:1224)
	at org.testng.TestNG.runSuitesLocally(TestNG.java:1149)
	at org.testng.TestNG.run(TestNG.java:1057)
	at org.testng.remote.AbstractRemoteTestNG.run(AbstractRemoteTestNG.java:115)
	at org.testng.remote.RemoteTestNG.initAndRun(RemoteTestNG.java:251)
	at org.testng.remote.RemoteTestNG.main(RemoteTestNG.java:77)
]]>
            </full-stacktrace>
          </exception> <!-- java.lang.NullPointerException -->
          <reporter-output>
          </reporter-output>
        </test-method> <!-- test -->
      </class> <!-- com.MavenTemplates.Automate.ChineseNewYear -->
      <class name="com.MavenTemplates.Automate.AdventCalendar">
        <test-method signature="test()[pri:0, instance:com.MavenTemplates.Automate.AdventCalendar@fa49800]" started-at="2020-03-09T13:07:32Z" name="test" finished-at="2020-03-09T13:07:37Z" duration-ms="5033" status="PASS">
          <reporter-output>
          </reporter-output>
        </test-method> <!-- test -->
      </class> <!-- com.MavenTemplates.Automate.AdventCalendar -->
    </test> <!-- TestNG -->
  </suite> <!-- Suite -->
</testng-results>
